<?xml version="1.0" encoding="UTF-8"?>
<!-- Generated by org.testng.reporters.JUnitXMLReporter -->
<testsuite hostname="ARAVINDA-DELL-PERSONAL" ignored="4" name="GRP-kia" tests="2" failures="0" timestamp="28 Feb 2021 03:43:45 GMT" time="0.055" errors="0">
  <testcase name="KIACeltos" time="0.011" classname="com.skillbay.testng.GroupsInTestNG"/>
  <testcase name="KIAcarnival" time="0.001" classname="com.skillbay.testng.GroupsInTestNG"/>
  <testcase name="ertiga" time="0.0" classname="com.skillbay.testng.GroupsInTestNG">
    <ignored/>
  </testcase> <!-- ertiga -->
  <testcase name="swift" time="0.0" classname="com.skillbay.testng.GroupsInTestNG">
    <ignored/>
  </testcase> <!-- swift -->
  <testcase name="xuv300" time="0.0" classname="com.skillbay.testng.GroupsInTestNG">
    <ignored/>
  </testcase> <!-- xuv300 -->
  <testcase name="xuv500" time="0.0" classname="com.skillbay.testng.GroupsInTestNG">
    <ignored/>
  </testcase> <!-- xuv500 -->
</testsuite> <!-- GRP-kia -->
