<?xml version="1.0" encoding="UTF-8"?>
<!-- Generated by org.testng.reporters.JUnitXMLReporter -->
<testsuite hostname="ARAVINDA-DELL-PERSONAL" ignored="0" name="Actitime test" tests="3" failures="0" timestamp="28 Feb 2021 04:12:55 GMT" time="61.433" errors="0">
  <testcase name="createCustomer" time="12.677" classname="com.skillbay.testng.ActitimeTests"/>
  <testcase name="createProject" time="7.661" classname="com.skillbay.testng.ActitimeTests"/>
  <testcase name="createTask" time="18.135" classname="com.skillbay.testng.ActitimeTests"/>
</testsuite> <!-- Actitime test -->
