<?xml version="1.0" encoding="UTF-8"?>
<!-- Generated by org.testng.reporters.JUnitXMLReporter -->
<testsuite hostname="ARAVINDA-DELL-PERSONAL" ignored="0" name="Default test" tests="3" failures="0" timestamp="27 Feb 2021 03:30:32 GMT" time="46.488" errors="0">
  <testcase name="createCustomer" time="6.84" classname="com.skillbay.testng.CreateProject"/>
  <testcase name="createProject" time="7.158" classname="com.skillbay.testng.CreateProject"/>
  <testcase name="createTask" time="17.558" classname="com.skillbay.testng.CreateProject"/>
</testsuite> <!-- Default test -->
