<?xml version="1.0" encoding="UTF-8"?>
<!-- Generated by org.testng.reporters.JUnitXMLReporter -->
<testsuite hostname="ARAVINDA-DELL-PERSONAL" ignored="0" name="Hello World1" tests="3" failures="0" timestamp="26 Feb 2021 03:05:31 GMT" time="0.062" errors="0">
  <testcase name="myFirstTest" time="0.009" classname="com.skillbay.testng.HelloWorld"/>
  <testcase name="myFirstTest1" time="0.003" classname="com.skillbay.testng.HelloWorld"/>
  <testcase name="f" time="0.002" classname="com.skillbay.testng.TestNGHelloWorld"/>
</testsuite> <!-- Hello World1 -->
