<?xml version="1.0" encoding="UTF-8"?>
<testng-results skipped="0" failed="0" ignored="0" total="3" passed="3">
  <reporter-output>
    <line>
      <![CDATA[--- Creating a Customer ---]]>
    </line>
    <line>
      <![CDATA[-- Validating success message---]]>
    </line>
    <line>
      <![CDATA[Toast message is : Customer 'Skill-Bay276' has been created]]>
    </line>
    <line>
      <![CDATA[Toast message is disappeared!]]>
    </line>
    <line>
      <![CDATA[--- Creating a Customer is successfull ---]]>
    </line>
    <line>
      <![CDATA[--- Creating a Customer ---]]>
    </line>
    <line>
      <![CDATA[-- Validating success message---<br>]]>
    </line>
    <line>
      <![CDATA[Toast message is : Project 'PRoject430' has been created]]>
    </line>
    <line>
      <![CDATA[Toast message is disappeared!]]>
    </line>
    <line>
      <![CDATA[--- Creating a Project is successfull---]]>
    </line>
    <line>
      <![CDATA[--- Creating a Customer ---]]>
    </line>
    <line>
      <![CDATA[-- Validating success message---]]>
    </line>
    <line>
      <![CDATA[Toast message is : 5 tasks have been created in project 'PRoject2' of customer 'SkillBay-Cust3']]>
    </line>
    <line>
      <![CDATA[Toast message is disappeared!]]>
    </line>
    <line>
      <![CDATA[--- Creating a Task is successfull ---]]>
    </line>
  </reporter-output>
  <suite name="Default suite" duration-ms="46488" started-at="2021-02-27T03:29:45Z" finished-at="2021-02-27T03:30:32Z">
    <groups>
    </groups>
    <test name="Default test" duration-ms="46488" started-at="2021-02-27T03:29:45Z" finished-at="2021-02-27T03:30:32Z">
      <class name="com.skillbay.testng.CreateProject">
        <test-method status="PASS" signature="createReports()[pri:0, instance:com.skillbay.testng.CreateProject@598067a5]" name="createReports" is-config="true" duration-ms="303" started-at="2021-02-27T03:29:45Z" finished-at="2021-02-27T03:29:45Z">
          <reporter-output>
          </reporter-output>
        </test-method> <!-- createReports -->
        <test-method status="PASS" signature="createDriver()[pri:0, instance:com.skillbay.testng.CreateProject@598067a5]" name="createDriver" is-config="true" duration-ms="3201" started-at="2021-02-27T03:29:45Z" finished-at="2021-02-27T03:29:48Z">
          <reporter-output>
          </reporter-output>
        </test-method> <!-- createDriver -->
        <test-method status="PASS" signature="launchAndLogin()[pri:0, instance:com.skillbay.testng.CreateProject@598067a5]" name="launchAndLogin" is-config="true" duration-ms="4484" started-at="2021-02-27T03:29:48Z" finished-at="2021-02-27T03:29:53Z">
          <reporter-output>
          </reporter-output>
        </test-method> <!-- launchAndLogin -->
        <test-method status="PASS" signature="createCustomer()[pri:0, instance:com.skillbay.testng.CreateProject@598067a5]" name="createCustomer" duration-ms="6840" started-at="2021-02-27T03:29:53Z" finished-at="2021-02-27T03:30:00Z">
          <reporter-output>
            <line>
              <![CDATA[--- Creating a Customer ---]]>
            </line>
            <line>
              <![CDATA[-- Validating success message---]]>
            </line>
            <line>
              <![CDATA[Toast message is : Customer 'Skill-Bay276' has been created]]>
            </line>
            <line>
              <![CDATA[Toast message is disappeared!]]>
            </line>
            <line>
              <![CDATA[--- Creating a Customer is successfull ---]]>
            </line>
          </reporter-output>
        </test-method> <!-- createCustomer -->
        <test-method status="PASS" signature="logout()[pri:0, instance:com.skillbay.testng.CreateProject@598067a5]" name="logout" is-config="true" duration-ms="164" started-at="2021-02-27T03:30:00Z" finished-at="2021-02-27T03:30:00Z">
          <reporter-output>
          </reporter-output>
        </test-method> <!-- logout -->
        <test-method status="PASS" signature="launchAndLogin()[pri:0, instance:com.skillbay.testng.CreateProject@598067a5]" name="launchAndLogin" is-config="true" duration-ms="3296" started-at="2021-02-27T03:30:00Z" finished-at="2021-02-27T03:30:03Z">
          <reporter-output>
          </reporter-output>
        </test-method> <!-- launchAndLogin -->
        <test-method status="PASS" signature="createProject()[pri:0, instance:com.skillbay.testng.CreateProject@598067a5]" name="createProject" duration-ms="7158" started-at="2021-02-27T03:30:03Z" finished-at="2021-02-27T03:30:10Z">
          <reporter-output>
            <line>
              <![CDATA[--- Creating a Customer ---]]>
            </line>
            <line>
              <![CDATA[-- Validating success message---<br>]]>
            </line>
            <line>
              <![CDATA[Toast message is : Project 'PRoject430' has been created]]>
            </line>
            <line>
              <![CDATA[Toast message is disappeared!]]>
            </line>
            <line>
              <![CDATA[--- Creating a Project is successfull---]]>
            </line>
          </reporter-output>
        </test-method> <!-- createProject -->
        <test-method status="PASS" signature="logout()[pri:0, instance:com.skillbay.testng.CreateProject@598067a5]" name="logout" is-config="true" duration-ms="178" started-at="2021-02-27T03:30:10Z" finished-at="2021-02-27T03:30:11Z">
          <reporter-output>
          </reporter-output>
        </test-method> <!-- logout -->
        <test-method status="PASS" signature="launchAndLogin()[pri:0, instance:com.skillbay.testng.CreateProject@598067a5]" name="launchAndLogin" is-config="true" duration-ms="3282" started-at="2021-02-27T03:30:11Z" finished-at="2021-02-27T03:30:14Z">
          <reporter-output>
          </reporter-output>
        </test-method> <!-- launchAndLogin -->
        <test-method status="PASS" signature="createTask()[pri:0, instance:com.skillbay.testng.CreateProject@598067a5]" name="createTask" duration-ms="17558" started-at="2021-02-27T03:30:14Z" finished-at="2021-02-27T03:30:31Z">
          <reporter-output>
            <line>
              <![CDATA[--- Creating a Customer ---]]>
            </line>
            <line>
              <![CDATA[-- Validating success message---]]>
            </line>
            <line>
              <![CDATA[Toast message is : 5 tasks have been created in project 'PRoject2' of customer 'SkillBay-Cust3']]>
            </line>
            <line>
              <![CDATA[Toast message is disappeared!]]>
            </line>
            <line>
              <![CDATA[--- Creating a Task is successfull ---]]>
            </line>
          </reporter-output>
        </test-method> <!-- createTask -->
        <test-method status="PASS" signature="logout()[pri:0, instance:com.skillbay.testng.CreateProject@598067a5]" name="logout" is-config="true" duration-ms="200" started-at="2021-02-27T03:30:31Z" finished-at="2021-02-27T03:30:32Z">
          <reporter-output>
          </reporter-output>
        </test-method> <!-- logout -->
        <test-method status="PASS" signature="closeDriver()[pri:0, instance:com.skillbay.testng.CreateProject@598067a5]" name="closeDriver" is-config="true" duration-ms="112" started-at="2021-02-27T03:30:32Z" finished-at="2021-02-27T03:30:32Z">
          <reporter-output>
          </reporter-output>
        </test-method> <!-- closeDriver -->
        <test-method status="PASS" signature="saveReports()[pri:0, instance:com.skillbay.testng.CreateProject@598067a5]" name="saveReports" is-config="true" duration-ms="359" started-at="2021-02-27T03:30:32Z" finished-at="2021-02-27T03:30:32Z">
          <reporter-output>
          </reporter-output>
        </test-method> <!-- saveReports -->
      </class> <!-- com.skillbay.testng.CreateProject -->
    </test> <!-- Default test -->
  </suite> <!-- Default suite -->
</testng-results>
