<?xml version="1.0" encoding="UTF-8"?>
<testng-results skipped="0" failed="0" ignored="0" total="1" passed="1">
  <reporter-output>
  </reporter-output>
  <suite name="Default suite" duration-ms="39465" started-at="2021-03-06T03:03:49Z" finished-at="2021-03-06T03:04:28Z">
    <groups>
    </groups>
    <test name="Default test" duration-ms="39465" started-at="2021-03-06T03:03:49Z" finished-at="2021-03-06T03:04:28Z">
      <class name="com.skillbay.testng.test.RedBusDemo">
        <test-method status="PASS" signature="redBusTest()[pri:0, instance:com.skillbay.testng.test.RedBusDemo@5442a311]" name="redBusTest" duration-ms="39373" started-at="2021-03-06T03:03:49Z" finished-at="2021-03-06T03:04:28Z">
          <reporter-output>
          </reporter-output>
        </test-method> <!-- redBusTest -->
      </class> <!-- com.skillbay.testng.test.RedBusDemo -->
    </test> <!-- Default test -->
  </suite> <!-- Default suite -->
</testng-results>
